PS C:\Users\cdnpal\Zend\workspaces\DefaultWorkspace\rtb\upload> php composer.phar update
Warning: This development build of composer is over 30 days old. It is recommended to update it by running "composer.pha
r self-update" to get the latest version.
Loading composer repositories with package information
Updating dependencies (including require-dev)
  - Installing zendframework/zendframework (2.2.5)
    Loading from cache

  - Installing zf-commons/zfc-rbac (dev-master bcc5434)
    Cloning bcc5434819601b2de05e5d8b8352d1e5a7b43d87

  - Installing doctrine/lexer (v1.0)
    Loading from cache

  - Installing doctrine/annotations (v1.1.2)
    Loading from cache

  - Installing doctrine/collections (v1.1)
    Loading from cache

  - Installing doctrine/cache (v1.3.0)
    Loading from cache

  - Installing doctrine/inflector (v1.0)
    Loading from cache

  - Installing doctrine/common (v2.4.1)
    Loading from cache

  - Installing doctrine/dbal (v2.4.1)
    Loading from cache

  - Installing symfony/console (v2.3.7)
    Loading from cache

  - Installing doctrine/orm (v2.4.1)
    Loading from cache

  - Installing doctrine/doctrine-module (0.7.2)
    Loading from cache

  - Installing doctrine/doctrine-orm-module (0.7.0)
    Loading from cache

zendframework/zendframework suggests installing ext-intl (ext/intl for i18n features (included in default builds of PHP)
)
zendframework/zendframework suggests installing ircmaxell/random-lib (Fallback random byte generator for Zend\Math\Rand
if OpenSSL/Mcrypt extensions are unavailable)
zendframework/zendframework suggests installing ocramius/proxy-manager (ProxyManager to handle lazy initialization of se
rvices)
zendframework/zendframework suggests installing zendframework/zendpdf (ZendPdf for creating PDF representations of barco
des)
zendframework/zendframework suggests installing zendframework/zendservice-recaptcha (ZendService\ReCaptcha for rendering
 ReCaptchas in Zend\Captcha and/or Zend\Form)
symfony/console suggests installing symfony/event-dispatcher ()
doctrine/orm suggests installing symfony/yaml (If you want to use YAML Metadata Mapping Driver)
doctrine/doctrine-module suggests installing doctrine/data-fixtures (Data Fixtures if you want to generate test data or
bootstrap data for your deployments)
doctrine/doctrine-orm-module suggests installing zendframework/zend-developer-tools (zend-developer-tools if you want to
 profile operations executed by the ORM during development)
doctrine/doctrine-orm-module suggests installing doctrine/migrations (doctrine migrations if you want to keep your schem
a definitions versioned)
Generating autoload files
PS C:\Users\cdnpal\Zend\workspaces\DefaultWorkspace\rtb\upload>